Ha iniciado sesion administrador 09112022:16:24
Ha iniciado sesion preiver444 el dia 09112022 a las d16:25
Ha iniciado sesion administrador 09112022:16:26
Ha iniciado sesion administrador 09112022:16:26
Ha iniciado sesion administrador 09112022:16:26
Ha iniciado sesion administrador 09112022:16:26
Ha iniciado sesion administrador 09112022:16:27
Ha iniciado sesion administrador 10112022:01:08
INSERTADO Pepito:Perez:Diaz:33114422X:pperdia422 el 10112022 a las 01:09
Ha iniciado sesion administrador 10112022:01:09
INSERTADO Andres:Sanchez:Vera:44332200C:asanver200 el 10112022 a las 01:09
INSERTADO Alejandro:Monreal:Carleos:44229900X:amoncar900 el 10112022 a las 01:09
Ha iniciado sesion amoncar900 el dia 10112022 a las d01:16
Ha iniciado sesion amoncar900 el dia 10112022 a las d01:17
Ha iniciado sesion administrador 10112022:01:18
Ha iniciado sesion administrador 10112022:01:20
Ha iniciado sesion administrador 10112022:01:20
Ha iniciado sesion administrador 10112022:01:20
Ha iniciado sesion administrador 10112022:01:21
INSERTADO asda:dsad:asd:33445533vb:adsaasd533 el 10112022 a las 01:21
Ha iniciado sesion administrador 10112022:01:22
INSERTADO Pepito:perezz:dias:77889988X:pperdia988 el 10112022 a las 01:22
Ha iniciado sesion administrador 10112022:01:22
Ha iniciado sesion administrador 10112022:01:22
Ha iniciado sesion administrador 10112022:01:22
Ha iniciado sesion administrador 10112022:01:23
Ha iniciado sesion administrador 10112022:01:24
BORRADO Pepito:Perez:Diaz:33114422X:pperdia422 el 10112022 a las 01:24
Ha iniciado sesion administrador 10112022:01:24
Ha iniciado sesion administrador 10112022:01:24
Ha iniciado sesion administrador 10112022:01:25
Ha iniciado sesion administrador 10112022:01:25
Ha iniciado sesion administrador 10112022:01:25
Ha iniciado sesion administrador 10112022:01:25
Ha iniciado sesion administrador 10112022:01:26
